<?xml version="1.0" encoding="UTF-8"?>
<!-- Generated by org.testng.reporters.JUnitReportReporter -->
<testsuite hostname="DESKTOP-I6O66FM" failures="0" tests="1" name="TouristMe.NewTest" time="1.426" errors="0" timestamp="26 Feb 2022 08:51:17 GMT">
  <testcase classname="TouristMe.NewTest" name="f" time="1.426"/>
</testsuite> <!-- TouristMe.NewTest -->
