<?xml version="1.0" encoding="UTF-8"?>
<!-- Generated by org.testng.reporters.JUnitReportReporter -->
<testsuite hostname="LAPTOP-P8UBI0AK" name="webapp.testing.AccountTest" tests="1" failures="0" timestamp="17 Feb 2022 01:30:06 GMT" time="2.923" errors="0">
  <testcase name="f" time="2.923" classname="webapp.testing.AccountTest"/>
</testsuite> <!-- webapp.testing.AccountTest -->
